<?xml version="1.0" encoding="UTF-8"?>
<!-- Generated by org.testng.reporters.JUnitReportReporter -->
<testsuite hostname="DESKTOP-4IFGV6V" name="com.gov.dmv.appoinment.Appoint" tests="1" failures="0" timestamp="1 Oct 2019 05:42:43 GMT" time="16.997" errors="0">
  <testcase name="checkAppoinment" time="16.997" classname="com.gov.dmv.appoinment.Appoint"/>
</testsuite> <!-- com.gov.dmv.appoinment.Appoint -->
